Base path: /Applications/Unity/Unity.app/Contents
Pipe name: \\.\pipe\UnityShaderCompiler-1--1597996632
Cmd: getPlatforms
Cmd: preprocess
  insize=5122 outsize=2085 ok=1
Cmd: compileSnippet
  api=0 type=0 insize=3341 outsize=743 kw=WATER_REFRACTIVE ok=1
Cmd: compileSnippet
  api=0 type=1 insize=3341 outsize=1055 kw=WATER_REFRACTIVE ok=1
Cmd: preprocess
  insize=429 outsize=1178 ok=1
Cmd: compileSnippet
  api=0 type=0 insize=4279 outsize=919 kw=DIRECTIONAL SHADOWS_OFF LIGHTMAP_OFF DIRLIGHTMAP_OFF ok=1
Cmd: compileSnippet
  api=0 type=1 insize=4279 outsize=360 kw=DIRECTIONAL SHADOWS_OFF LIGHTMAP_OFF DIRLIGHTMAP_OFF ok=1
Cmd: compileSnippet
  api=0 type=0 insize=2255 outsize=817 kw=POINT ok=1
Cmd: compileSnippet
  api=0 type=1 insize=2255 outsize=536 kw=POINT ok=1
Cmd: compileSnippet
  api=0 type=0 insize=1783 outsize=457 kw= ok=1
Cmd: compileSnippet
  api=0 type=1 insize=1783 outsize=159 kw= ok=1
Cmd: compileSnippet
  api=0 type=0 insize=3996 outsize=905 kw=LIGHTMAP_OFF DIRLIGHTMAP_OFF HDR_LIGHT_PREPASS_OFF ok=1
Cmd: compileSnippet
  api=0 type=1 insize=3996 outsize=297 kw=LIGHTMAP_OFF DIRLIGHTMAP_OFF HDR_LIGHT_PREPASS_OFF ok=1
Cmd: preprocess
  insize=12907 outsize=2601 ok=1
Cmd: compileSnippet
  api=0 type=0 insize=10214 outsize=6429 kw=WATER_REFLECTIVE WATER_VERTEX_DISPLACEMENT_ON WATER_EDGEBLEND_ON ok=1
Cmd: compileSnippet
  api=0 type=1 insize=10214 outsize=6 kw=WATER_REFLECTIVE WATER_VERTEX_DISPLACEMENT_ON WATER_EDGEBLEND_ON ok=1
Cmd: compileSnippet
  api=0 type=0 insize=10218 outsize=5120 kw=WATER_REFLECTIVE WATER_VERTEX_DISPLACEMENT_ON WATER_EDGEBLEND_ON ok=1
Cmd: compileSnippet
  api=0 type=1 insize=10218 outsize=6 kw=WATER_REFLECTIVE WATER_VERTEX_DISPLACEMENT_ON WATER_EDGEBLEND_ON ok=1
Cmd: compileSnippet
  api=0 type=0 insize=9960 outsize=566 kw= ok=1
Cmd: compileSnippet
  api=0 type=1 insize=9960 outsize=1094 kw= ok=1
Cmd: preprocess
  insize=2357 outsize=1829 ok=1
Cmd: compileSnippet
  api=0 type=0 insize=6403 outsize=1436 kw=DIRECTIONAL SHADOWS_OFF LIGHTMAP_OFF DIRLIGHTMAP_OFF ok=1
Cmd: compileSnippet
  api=0 type=1 insize=6403 outsize=391 kw=DIRECTIONAL SHADOWS_OFF LIGHTMAP_OFF DIRLIGHTMAP_OFF ok=1
Cmd: compileSnippet
  api=0 type=0 insize=4223 outsize=1314 kw=POINT ok=1
Cmd: compileSnippet
  api=0 type=1 insize=4223 outsize=532 kw=POINT ok=1
Cmd: compileSnippet
  api=0 type=0 insize=4152 outsize=924 kw= ok=1
Cmd: compileSnippet
  api=0 type=1 insize=4152 outsize=351 kw= ok=1
Cmd: compileSnippet
  api=0 type=0 insize=5900 outsize=905 kw=LIGHTMAP_OFF DIRLIGHTMAP_OFF HDR_LIGHT_PREPASS_OFF ok=1
Cmd: compileSnippet
  api=0 type=1 insize=5900 outsize=379 kw=LIGHTMAP_OFF DIRLIGHTMAP_OFF HDR_LIGHT_PREPASS_OFF ok=1
Cmd: compileSnippet
  api=0 type=0 insize=3571 outsize=488 kw=SHADOWS_DEPTH ok=1
Cmd: compileSnippet
  api=0 type=1 insize=3571 outsize=202 kw=SHADOWS_DEPTH ok=1
Cmd: compileSnippet
  api=0 type=0 insize=3617 outsize=1091 kw=SHADOWS_NONATIVE ok=1
Cmd: compileSnippet
  api=0 type=1 insize=3617 outsize=875 kw=SHADOWS_NONATIVE ok=1
Cmd: preprocess
  error: 1 plat 12 at (26): Compiling shaders to OpenGL ES 2.0, Xbox 360, PS3, Flash or DX11 requires both vertex and fragment programs
  error: 1 plat 12 at (56): Compiling shaders to OpenGL ES 2.0, Xbox 360, PS3, Flash or DX11 requires both vertex and fragment programs
  error: 1 plat 12 at (85): Compiling shaders to OpenGL ES 2.0, Xbox 360, PS3, Flash or DX11 requires both vertex and fragment programs
  error: 1 plat 12 at (114): Compiling shaders to OpenGL ES 2.0, Xbox 360, PS3, Flash or DX11 requires both vertex and fragment programs
  error: 1 plat 12 at (143): Compiling shaders to OpenGL ES 2.0, Xbox 360, PS3, Flash or DX11 requires both vertex and fragment programs
  error: 1 plat 12 at (172): Compiling shaders to OpenGL ES 2.0, Xbox 360, PS3, Flash or DX11 requires both vertex and fragment programs
  error: 1 plat 12 at (201): Compiling shaders to OpenGL ES 2.0, Xbox 360, PS3, Flash or DX11 requires both vertex and fragment programs
  error: 1 plat 12 at (230): Compiling shaders to OpenGL ES 2.0, Xbox 360, PS3, Flash or DX11 requires both vertex and fragment programs
  error: 1 plat 12 at (259): Compiling shaders to OpenGL ES 2.0, Xbox 360, PS3, Flash or DX11 requires both vertex and fragment programs
  error: 1 plat 12 at (288): Compiling shaders to OpenGL ES 2.0, Xbox 360, PS3, Flash or DX11 requires both vertex and fragment programs
  error: 1 plat 12 at (317): Compiling shaders to OpenGL ES 2.0, Xbox 360, PS3, Flash or DX11 requires both vertex and fragment programs
  error: 1 plat 12 at (346): Compiling shaders to OpenGL ES 2.0, Xbox 360, PS3, Flash or DX11 requires both vertex and fragment programs
  error: 1 plat 12 at (375): Compiling shaders to OpenGL ES 2.0, Xbox 360, PS3, Flash or DX11 requires both vertex and fragment programs
  error: 1 plat 12 at (404): Compiling shaders to OpenGL ES 2.0, Xbox 360, PS3, Flash or DX11 requires both vertex and fragment programs
  error: 1 plat 12 at (433): Compiling shaders to OpenGL ES 2.0, Xbox 360, PS3, Flash or DX11 requires both vertex and fragment programs
  error: 1 plat 12 at (462): Compiling shaders to OpenGL ES 2.0, Xbox 360, PS3, Flash or DX11 requires both vertex and fragment programs
  error: 1 plat 12 at (491): Compiling shaders to OpenGL ES 2.0, Xbox 360, PS3, Flash or DX11 requires both vertex and fragment programs
  error: 1 plat 12 at (520): Compiling shaders to OpenGL ES 2.0, Xbox 360, PS3, Flash or DX11 requires both vertex and fragment programs
  error: 1 plat 12 at (549): Compiling shaders to OpenGL ES 2.0, Xbox 360, PS3, Flash or DX11 requires both vertex and fragment programs
  error: 1 plat 12 at (578): Compiling shaders to OpenGL ES 2.0, Xbox 360, PS3, Flash or DX11 requires both vertex and fragment programs
  insize=11053 outsize=4220 ok=1
Cmd: compileSnippet
  api=0 type=0 insize=628 outsize=1170 kw= ok=1
Cmd: compileSnippet
  api=0 type=0 insize=631 outsize=1410 kw= ok=1
Cmd: compileSnippet
  api=0 type=0 insize=630 outsize=1406 kw= ok=1
Cmd: compileSnippet
  api=0 type=0 insize=632 outsize=1413 kw= ok=1
Cmd: compileSnippet
  api=0 type=0 insize=632 outsize=1406 kw= ok=1
Cmd: compileSnippet
  api=0 type=0 insize=633 outsize=1403 kw= ok=1
Cmd: compileSnippet
  api=0 type=0 insize=632 outsize=1413 kw= ok=1
Cmd: compileSnippet
  api=0 type=0 insize=633 outsize=1409 kw= ok=1
Cmd: compileSnippet
  api=0 type=0 insize=632 outsize=1413 kw= ok=1
Cmd: compileSnippet
  api=0 type=0 insize=633 outsize=1413 kw= ok=1
Cmd: compileSnippet
  api=0 type=0 insize=632 outsize=1400 kw= ok=1
Cmd: compileSnippet
  api=0 type=0 insize=633 outsize=1413 kw= ok=1
Cmd: compileSnippet
  api=0 type=0 insize=633 outsize=1413 kw= ok=1
Cmd: compileSnippet
  api=0 type=0 insize=633 outsize=1413 kw= ok=1
Cmd: compileSnippet
  api=0 type=0 insize=633 outsize=1413 kw= ok=1
Cmd: compileSnippet
  api=0 type=0 insize=633 outsize=1403 kw= ok=1
Cmd: compileSnippet
  api=0 type=0 insize=632 outsize=1413 kw= ok=1
Cmd: compileSnippet
  api=0 type=0 insize=633 outsize=1413 kw= ok=1
Cmd: compileSnippet
  api=0 type=0 insize=632 outsize=1413 kw= ok=1
Cmd: compileSnippet
  api=0 type=0 insize=633 outsize=1414 kw= ok=1
Cmd: preprocess
  insize=2961 outsize=1485 ok=1
Cmd: compileSnippet
  api=0 type=0 insize=7144 outsize=1609 kw=DIRECTIONAL SHADOWS_OFF LIGHTMAP_OFF DIRLIGHTMAP_OFF ok=1
Cmd: compileSnippet
  api=0 type=1 insize=7144 outsize=1205 kw=DIRECTIONAL SHADOWS_OFF LIGHTMAP_OFF DIRLIGHTMAP_OFF ok=1
Cmd: compileSnippet
  api=0 type=0 insize=4924 outsize=1529 kw=POINT ok=1
Cmd: compileSnippet
  api=0 type=1 insize=4924 outsize=1334 kw=POINT ok=1
Cmd: compileSnippet
  api=0 type=0 insize=4853 outsize=1138 kw= ok=1
Cmd: compileSnippet
  api=0 type=1 insize=4853 outsize=692 kw= ok=1
Cmd: compileSnippet
  api=0 type=0 insize=6485 outsize=1005 kw=LIGHTMAP_OFF DIRLIGHTMAP_OFF HDR_LIGHT_PREPASS_OFF ok=1
Cmd: compileSnippet
  api=0 type=1 insize=6485 outsize=541 kw=LIGHTMAP_OFF DIRLIGHTMAP_OFF HDR_LIGHT_PREPASS_OFF ok=1
Cmd: preprocess
  insize=12074 outsize=2482 ok=1
Cmd: compileSnippet
  api=0 type=0 insize=9500 outsize=5739 kw=WATER_REFLECTIVE WATER_VERTEX_DISPLACEMENT_ON WATER_EDGEBLEND_ON ok=1
Cmd: compileSnippet
  api=0 type=1 insize=9500 outsize=6 kw=WATER_REFLECTIVE WATER_VERTEX_DISPLACEMENT_ON WATER_EDGEBLEND_ON ok=1
Cmd: compileSnippet
  api=0 type=0 insize=9504 outsize=5083 kw=WATER_REFLECTIVE WATER_VERTEX_DISPLACEMENT_ON WATER_EDGEBLEND_ON ok=1
Cmd: compileSnippet
  api=0 type=1 insize=9504 outsize=6 kw=WATER_REFLECTIVE WATER_VERTEX_DISPLACEMENT_ON WATER_EDGEBLEND_ON ok=1
Cmd: compileSnippet
  api=0 type=0 insize=9246 outsize=543 kw= ok=1
Cmd: compileSnippet
  api=0 type=1 insize=9246 outsize=1094 kw= ok=1
Cmd: preprocess
  insize=2422 outsize=1168 ok=1
Cmd: compileSnippet
  api=0 type=0 insize=1556 outsize=568 kw= ok=1
Cmd: compileSnippet
  api=0 type=1 insize=1556 outsize=475 kw= ok=1
Cmd: preprocess
  insize=596 outsize=596 ok=1
Cmd: preprocess
  insize=3006 outsize=1511 ok=1
Cmd: compileSnippet
  api=0 type=0 insize=7321 outsize=1675 kw=DIRECTIONAL SHADOWS_OFF LIGHTMAP_OFF DIRLIGHTMAP_OFF ok=1
Cmd: compileSnippet
  api=0 type=1 insize=7321 outsize=1259 kw=DIRECTIONAL SHADOWS_OFF LIGHTMAP_OFF DIRLIGHTMAP_OFF ok=1
Cmd: compileSnippet
  api=0 type=0 insize=4944 outsize=1529 kw=POINT ok=1
Cmd: compileSnippet
  api=0 type=1 insize=4944 outsize=1311 kw=POINT ok=1
Cmd: compileSnippet
  api=0 type=0 insize=4873 outsize=1138 kw= ok=1
Cmd: compileSnippet
  api=0 type=1 insize=4873 outsize=672 kw= ok=1
Cmd: compileSnippet
  api=0 type=0 insize=6606 outsize=1076 kw=LIGHTMAP_OFF DIRLIGHTMAP_OFF HDR_LIGHT_PREPASS_OFF ok=1
Cmd: compileSnippet
  api=0 type=1 insize=6606 outsize=602 kw=LIGHTMAP_OFF DIRLIGHTMAP_OFF HDR_LIGHT_PREPASS_OFF ok=1
Cmd: preprocess
  insize=3126 outsize=1555 ok=1
Cmd: compileSnippet
  api=0 type=0 insize=7279 outsize=1579 kw=DIRECTIONAL SHADOWS_OFF LIGHTMAP_OFF DIRLIGHTMAP_OFF ok=1
Cmd: compileSnippet
  api=0 type=1 insize=7279 outsize=1564 kw=DIRECTIONAL SHADOWS_OFF LIGHTMAP_OFF DIRLIGHTMAP_OFF ok=1
Cmd: compileSnippet
  api=0 type=0 insize=4897 outsize=1389 kw=POINT ok=1
Cmd: compileSnippet
  api=0 type=1 insize=4897 outsize=1203 kw=POINT ok=1
Cmd: compileSnippet
  api=0 type=0 insize=4672 outsize=928 kw= ok=1
Cmd: compileSnippet
  api=0 type=1 insize=4672 outsize=545 kw= ok=1
Cmd: compileSnippet
  api=0 type=0 insize=6683 outsize=1410 kw=LIGHTMAP_OFF DIRLIGHTMAP_OFF HDR_LIGHT_PREPASS_OFF ok=1
Cmd: compileSnippet
  api=0 type=1 insize=6683 outsize=913 kw=LIGHTMAP_OFF DIRLIGHTMAP_OFF HDR_LIGHT_PREPASS_OFF ok=1
Cmd: preprocess
  insize=3452 outsize=1575 ok=1
Cmd: compileSnippet
  api=0 type=0 insize=7969 outsize=1816 kw=DIRECTIONAL SHADOWS_OFF LIGHTMAP_OFF DIRLIGHTMAP_OFF ok=1
Cmd: compileSnippet
  api=0 type=1 insize=7969 outsize=1615 kw=DIRECTIONAL SHADOWS_OFF LIGHTMAP_OFF DIRLIGHTMAP_OFF ok=1
Cmd: compileSnippet
  api=0 type=0 insize=5564 outsize=1670 kw=POINT ok=1
Cmd: compileSnippet
  api=0 type=1 insize=5564 outsize=1628 kw=POINT ok=1
Cmd: compileSnippet
  api=0 type=0 insize=5354 outsize=1208 kw= ok=1
Cmd: compileSnippet
  api=0 type=1 insize=5354 outsize=904 kw= ok=1
Cmd: compileSnippet
  api=0 type=0 insize=7090 outsize=1146 kw=LIGHTMAP_OFF DIRLIGHTMAP_OFF HDR_LIGHT_PREPASS_OFF ok=1
Cmd: compileSnippet
  api=0 type=1 insize=7090 outsize=704 kw=LIGHTMAP_OFF DIRLIGHTMAP_OFF HDR_LIGHT_PREPASS_OFF ok=1
Cmd: preprocess
  insize=3152 outsize=1429 ok=1
Cmd: compileSnippet
  api=0 type=0 insize=7658 outsize=1746 kw=DIRECTIONAL SHADOWS_OFF LIGHTMAP_OFF DIRLIGHTMAP_OFF ok=1
Cmd: compileSnippet
  api=0 type=1 insize=7658 outsize=1042 kw=DIRECTIONAL SHADOWS_OFF LIGHTMAP_OFF DIRLIGHTMAP_OFF ok=1
Cmd: compileSnippet
  api=0 type=0 insize=5410 outsize=1666 kw=POINT ok=1
Cmd: compileSnippet
  api=0 type=1 insize=5410 outsize=1202 kw=POINT ok=1
Cmd: compileSnippet
  api=0 type=0 insize=5232 outsize=1204 kw= ok=1
Cmd: compileSnippet
  api=0 type=1 insize=5232 outsize=907 kw= ok=1
Cmd: compileSnippet
  api=0 type=0 insize=6839 outsize=1076 kw=LIGHTMAP_OFF DIRLIGHTMAP_OFF HDR_LIGHT_PREPASS_OFF ok=1
Cmd: compileSnippet
  api=0 type=1 insize=6839 outsize=517 kw=LIGHTMAP_OFF DIRLIGHTMAP_OFF HDR_LIGHT_PREPASS_OFF ok=1
Cmd: preprocess
  insize=1725 outsize=1007 ok=1
Cmd: compileSnippet
  api=0 type=0 insize=1020 outsize=397 kw= ok=1
Cmd: compileSnippet
  api=0 type=1 insize=1020 outsize=290 kw= ok=1
